0 info it worked if it ends with ok
1 verbose cli [ 'node', '/usr/local/bin/npm', 'install', '-g', 'bower' ]
2 info using npm@2.10.1
3 info using node@v0.12.4
4 verbose install initial load of /usr/local/lib/package.json
5 verbose readDependencies loading dependencies from /usr/local/lib/package.json
6 silly cache add args [ 'bower', null ]
7 verbose cache add spec bower
8 silly cache add parsed spec { raw: 'bower',
8 silly cache add   scope: null,
8 silly cache add   name: 'bower',
8 silly cache add   rawSpec: '',
8 silly cache add   spec: '*',
8 silly cache add   type: 'range' }
9 silly addNamed bower@*
10 verbose addNamed "*" is a valid semver range for bower
11 silly addNameRange { name: 'bower', range: '*', hasData: false }
12 silly mapToRegistry name bower
13 silly mapToRegistry using default registry
14 silly mapToRegistry registry https://registry.npmjs.org/
15 silly mapToRegistry uri https://registry.npmjs.org/bower
16 verbose addNameRange registry:https://registry.npmjs.org/bower not in flight; fetching
17 verbose request uri https://registry.npmjs.org/bower
18 verbose request no auth needed
19 info attempt registry request try #1 at 2:25:16 PM
20 verbose request id c015eb09b220eec6
21 verbose etag "9IRK1DZN27I6Y4M3UB4Y5DF8O"
22 http request GET https://registry.npmjs.org/bower
23 info retry will retry, error on last attempt: Error: getaddrinfo ENOTFOUND registry.npmjs.org
24 info attempt registry request try #2 at 2:25:28 PM
25 verbose etag "9IRK1DZN27I6Y4M3UB4Y5DF8O"
26 http request GET https://registry.npmjs.org/bower
27 info retry will retry, error on last attempt: Error: getaddrinfo ENOTFOUND registry.npmjs.org
28 info attempt registry request try #3 at 2:26:28 PM
29 verbose etag "9IRK1DZN27I6Y4M3UB4Y5DF8O"
30 http request GET https://registry.npmjs.org/bower
31 http 200 https://registry.npmjs.org/bower
32 silly get cb [ 200,
32 silly get   { server: 'CouchDB/1.5.0 (Erlang OTP/R16B03)',
32 silly get     etag: '"2R6P7FF36OERXSTI4BZIK1LS5"',
32 silly get     'content-type': 'application/json',
32 silly get     'cache-control': 'max-age=300',
32 silly get     'content-length': '168996',
32 silly get     'accept-ranges': 'bytes',
32 silly get     date: 'Tue, 16 Feb 2016 20:26:28 GMT',
32 silly get     via: '1.1 varnish',
32 silly get     age: '123',
32 silly get     connection: 'keep-alive',
32 silly get     'x-served-by': 'cache-ord1728-ORD',
32 silly get     'x-cache': 'HIT',
32 silly get     'x-cache-hits': '1320',
32 silly get     'x-timer': 'S1455654388.375686,VS0,VE0',
32 silly get     vary: 'Accept' } ]
33 verbose get saving bower to /Users/jonguer/.npm/registry.npmjs.org/bower/.cache.json
34 silly addNameRange number 2 { name: 'bower', range: '*', hasData: true }
35 silly addNameRange versions [ 'bower',
35 silly addNameRange   [ '0.1.0',
35 silly addNameRange     '0.1.2',
35 silly addNameRange     '0.1.3',
35 silly addNameRange     '0.2.0',
35 silly addNameRange     '0.3.0',
35 silly addNameRange     '0.3.1',
35 silly addNameRange     '0.3.2',
35 silly addNameRange     '0.4.0',
35 silly addNameRange     '0.5.0',
35 silly addNameRange     '0.5.1',
35 silly addNameRange     '0.6.0',
35 silly addNameRange     '0.6.1',
35 silly addNameRange     '0.6.2',
35 silly addNameRange     '0.6.3',
35 silly addNameRange     '0.6.4',
35 silly addNameRange     '0.6.5',
35 silly addNameRange     '0.6.6',
35 silly addNameRange     '0.6.7',
35 silly addNameRange     '0.6.8',
35 silly addNameRange     '0.7.0',
35 silly addNameRange     '0.7.1',
35 silly addNameRange     '0.8.0',
35 silly addNameRange     '0.8.1',
35 silly addNameRange     '0.8.2',
35 silly addNameRange     '0.8.3',
35 silly addNameRange     '0.8.4',
35 silly addNameRange     '0.8.5',
35 silly addNameRange     '0.8.6',
35 silly addNameRange     '0.9.0',
35 silly addNameRange     '0.9.1',
35 silly addNameRange     '0.9.2',
35 silly addNameRange     '0.10.0',
35 silly addNameRange     '1.0.0',
35 silly addNameRange     '1.0.1',
35 silly addNameRange     '1.0.2',
35 silly addNameRange     '1.0.3',
35 silly addNameRange     '1.1.0',
35 silly addNameRange     '1.1.1',
35 silly addNameRange     '1.1.2',
35 silly addNameRange     '1.2.0',
35 silly addNameRange     '1.2.1',
35 silly addNameRange     '1.2.2',
35 silly addNameRange     '1.2.3',
35 silly addNameRange     '1.2.4',
35 silly addNameRange     '1.2.5',
35 silly addNameRange     '1.2.6',
35 silly addNameRange     '1.2.7',
35 silly addNameRange     '1.2.8',
35 silly addNameRange     '1.3.0',
35 silly addNameRange     '1.3.1',
35 silly addNameRange     '1.3.2',
35 silly addNameRange     '1.3.3',
35 silly addNameRange     '1.3.4',
35 silly addNameRange     '1.3.5',
35 silly addNameRange     '1.3.6',
35 silly addNameRange     '1.3.7',
35 silly addNameRange     '1.3.8',
35 silly addNameRange     '1.3.9',
35 silly addNameRange     '1.3.10',
35 silly addNameRange     '1.3.11',
35 silly addNameRange     '1.3.12',
35 silly addNameRange     '1.4.0',
35 silly addNameRange     '1.4.1',
35 silly addNameRange     '1.5.0',
35 silly addNameRange     '1.5.1',
35 silly addNameRange     '1.5.2',
35 silly addNameRange     '1.5.3',
35 silly addNameRange     '1.6.2',
35 silly addNameRange     '1.6.3',
35 silly addNameRange     '1.6.4',
35 silly addNameRange     '1.6.5',
35 silly addNameRange     '1.5.4',
35 silly addNameRange     '1.4.2',
35 silly addNameRange     '1.6.6',
35 silly addNameRange     '1.6.7',
35 silly addNameRange     '1.6.8',
35 silly addNameRange     '1.6.9',
35 silly addNameRange     '1.7.0',
35 silly addNameRange     '1.7.1',
35 silly addNameRange     '1.7.2',
35 silly addNameRange     '1.7.5',
35 silly addNameRange     '1.7.6',
35 silly addNameRange     '1.7.7' ] ]
36 silly addNamed bower@1.7.7
37 verbose addNamed "1.7.7" is a plain semver version for bower
38 silly cache afterAdd bower@1.7.7
39 verbose afterAdd /Users/jonguer/.npm/bower/1.7.7/package/package.json not in flight; writing
40 verbose afterAdd /Users/jonguer/.npm/bower/1.7.7/package/package.json written
41 silly install resolved [ { name: 'bower',
41 silly install resolved     version: '1.7.7',
41 silly install resolved     description: 'The browser package manager',
41 silly install resolved     author: { name: 'Twitter' },
41 silly install resolved     license: 'MIT',
41 silly install resolved     repository: { type: 'git', url: 'git+https://github.com/bower/bower.git' },
41 silly install resolved     main: 'lib',
41 silly install resolved     bin: { bower: 'bin/bower' },
41 silly install resolved     homepage: 'http://bower.io',
41 silly install resolved     engines: { node: '>=0.10.0' },
41 silly install resolved     keywords: [ 'bower' ],
41 silly install resolved     files: [ 'bin', 'lib' ],
41 silly install resolved     bugs: { url: 'https://github.com/bower/bower/issues' },
41 silly install resolved     _id: 'bower@1.7.7',
41 silly install resolved     scripts: {},
41 silly install resolved     _shasum: '2fd7ff3ebdcba5a8ffcd84c397c8fdfe9f825f92',
41 silly install resolved     _from: 'bower@*',
41 silly install resolved     _npmVersion: '3.5.3',
41 silly install resolved     _nodeVersion: '4.1.1',
41 silly install resolved     _npmUser: { name: 'sheerun', email: 'sheerun@sher.pl' },
41 silly install resolved     dist:
41 silly install resolved      { shasum: '2fd7ff3ebdcba5a8ffcd84c397c8fdfe9f825f92',
41 silly install resolved        tarball: 'http://registry.npmjs.org/bower/-/bower-1.7.7.tgz' },
41 silly install resolved     maintainers:
41 silly install resolved      [ [Object],
41 silly install resolved        [Object],
41 silly install resolved        [Object],
41 silly install resolved        [Object],
41 silly install resolved        [Object],
41 silly install resolved        [Object],
41 silly install resolved        [Object] ],
41 silly install resolved     directories: {},
41 silly install resolved     _resolved: 'https://registry.npmjs.org/bower/-/bower-1.7.7.tgz',
41 silly install resolved     readme: 'ERROR: No README data found!' } ]
42 info install bower@1.7.7 into /usr/local/lib
43 info installOne bower@1.7.7
44 verbose installOne of bower to /usr/local/lib not in flight; installing
45 warn locking Error: EACCES, open '/Users/jonguer/.npm/_locks/bower-e8debc5417026b57.lock'
45 warn locking     at Error (native)
45 warn locking  /Users/jonguer/.npm/_locks/bower-e8debc5417026b57.lock failed { [Error: EACCES, open '/Users/jonguer/.npm/_locks/bower-e8debc5417026b57.lock']
45 warn locking   errno: -13,
45 warn locking   code: 'EACCES',
45 warn locking   path: '/Users/jonguer/.npm/_locks/bower-e8debc5417026b57.lock' }
46 verbose stack Error: Attempt to unlock /usr/local/lib/node_modules/bower, which hasn't been locked
46 verbose stack     at unlock (/usr/local/lib/node_modules/npm/lib/utils/locker.js:66:11)
46 verbose stack     at cb (/usr/local/lib/node_modules/npm/lib/install.js:1017:5)
46 verbose stack     at /usr/local/lib/node_modules/npm/lib/install.js:1021:20
46 verbose stack     at /usr/local/lib/node_modules/npm/lib/utils/locker.js:40:9
46 verbose stack     at cb (/usr/local/lib/node_modules/npm/node_modules/lockfile/lockfile.js:149:38)
46 verbose stack     at /usr/local/lib/node_modules/npm/node_modules/lockfile/lockfile.js:177:38
46 verbose stack     at FSReqWrap.oncomplete (fs.js:95:15)
47 verbose cwd /Users/jonguer/Dropbox/Proyectos/profuturo-compras-web
48 error Darwin 14.4.0
49 error argv "node" "/usr/local/bin/npm" "install" "-g" "bower"
50 error node v0.12.4
51 error npm  v2.10.1
52 error Attempt to unlock /usr/local/lib/node_modules/bower, which hasn't been locked
53 error If you need help, you may report this error at:
53 error     <https://github.com/npm/npm/issues>
54 verbose exit [ 1, true ]
